[2022-10-05 07:52:48.360] [INFO ] [main] com.springboot.relationship.data.repository.ProviderRepositoryTest Starting ProviderRepositoryTest using Java 11.0.16 on itaehuiui-MacBookPro.local with PID 4257 (started by developerleetaehee in /Users/developerleetaehee/springboot/relationship)
[2022-10-05 07:52:48.370] [INFO ] [main] com.springboot.relationship.data.repository.ProviderRepositoryTest No active profile set, falling back to default profiles: default
[2022-10-05 07:52:49.343] [INFO ] [main] org.springframework.data.repository.config.RepositoryConfigurationDelegate Bootstrapping Spring Data JPA repositories in DEFAULT mode.
[2022-10-05 07:52:49.437] [INFO ] [main] org.springframework.data.repository.config.RepositoryConfigurationDelegate Finished Spring Data repository scanning in 84 ms. Found 7 JPA repository interfaces.
[2022-10-05 07:52:50.115] [INFO ] [main] org.hibernate.jpa.internal.util.LogHelper HHH000204: Processing PersistenceUnitInfo [name: default]
[2022-10-05 07:52:50.203] [INFO ] [main] org.hibernate.Version HHH000412: Hibernate ORM core version 5.4.32.Final
[2022-10-05 07:52:50.419] [INFO ] [main] org.hibernate.annotations.common.Version HCANN000001: Hibernate Commons Annotations {5.1.2.Final}
[2022-10-05 07:52:50.578] [INFO ] [main] com.zaxxer.hikari.HikariDataSource HikariPool-1 - Starting...
[2022-10-05 07:52:50.583] [WARN ] [main] com.zaxxer.hikari.util.DriverDataSource Registered driver with driverClassName=com.mysql.jdbc.Driver was not found, trying direct instantiation.
[2022-10-05 07:52:51.217] [INFO ] [main] com.zaxxer.hikari.HikariDataSource HikariPool-1 - Start completed.
[2022-10-05 07:52:51.264] [INFO ] [main] org.hibernate.dialect.Dialect HHH000400: Using dialect: org.hibernate.dialect.MySQL57Dialect
[2022-10-05 07:52:52.616] [INFO ] [main] org.hibernate.engine.transaction.jta.platform.internal.JtaPlatformInitiator HHH000490: Using JtaPlatform implementation: [org.hibernate.engine.transaction.jta.platform.internal.NoJtaPlatform]
[2022-10-05 07:52:52.628] [INFO ] [main] org.springframework.orm.jpa.LocalContainerEntityManagerFactoryBean Initialized JPA EntityManagerFactory for persistence unit 'default'
[2022-10-05 07:52:53.828] [WARN ] [main] org.springframework.boot.autoconfigure.orm.jpa.JpaBaseConfiguration$JpaWebConfiguration spring.jpa.open-in-view is enabled by default. Therefore, database queries may be performed during view rendering. Explicitly configure spring.jpa.open-in-view to disable this warning
[2022-10-05 07:52:54.788] [INFO ] [main] com.springboot.relationship.data.repository.ProviderRepositoryTest Started ProviderRepositoryTest in 7.144 seconds (JVM running for 9.691)
[2022-10-05 07:52:54.822] [INFO ] [main] org.springframework.test.context.transaction.TransactionContext Began transaction (1) for test context [DefaultTestContext@7c541c15 testClass = ProviderRepositoryTest, testInstance = com.springboot.relationship.data.repository.ProviderRepositoryTest@7def62d0, testMethod = orphanRemovalTest@ProviderRepositoryTest, testException = [null], mergedContextConfiguration = [WebMergedContextConfiguration@3542162a testClass = ProviderRepositoryTest, locations = '{}', classes = '{class com.springboot.relationship.RelationshipApplication}', contextInitializerClasses = '[]', activeProfiles = '{}', propertySourceLocations = '{}', propertySourceProperties = '{org.springframework.boot.test.context.SpringBootTestContextBootstrapper=true}', contextCustomizers = set[org.springframework.boot.test.context.filter.ExcludeFilterContextCustomizer@1b266842, org.springframework.boot.test.json.DuplicateJsonObjectContextCustomizerFactory$DuplicateJsonObjectContextCustomizer@651aed93, org.springframework.boot.test.mock.mockito.MockitoContextCustomizer@0, org.springframework.boot.test.web.client.TestRestTemplateContextCustomizer@2fba3fc4, org.springframework.boot.test.autoconfigure.actuate.metrics.MetricsExportContextCustomizerFactory$DisableMetricExportContextCustomizer@37fb0bed, org.springframework.boot.test.autoconfigure.properties.PropertyMappingContextCustomizer@0, org.springframework.boot.test.autoconfigure.web.servlet.WebDriverContextCustomizerFactory$Customizer@3ddc6915, org.springframework.boot.test.context.SpringBootTestArgs@1, org.springframework.boot.test.context.SpringBootTestWebEnvironment@31206beb], resourceBasePath = 'src/main/webapp', contextLoader = 'org.springframework.boot.test.context.SpringBootContextLoader', parent = [null]], attributes = map['org.springframework.test.context.web.ServletTestExecutionListener.activateListener' -> true, 'org.springframework.test.context.web.ServletTestExecutionListener.populatedRequestContextHolder' -> true, 'org.springframework.test.context.web.ServletTestExecutionListener.resetRequestContextHolder' -> true, 'org.springframework.test.context.event.ApplicationEventsTestExecutionListener.recordApplicationEvents' -> false]]; transaction manager [org.springframework.orm.jpa.JpaTransactionManager@7f69c4c0]; rollback [true]
[2022-10-05 07:52:55.314] [INFO ] [main] org.springframework.test.context.transaction.TransactionContext Rolled back transaction for test: [DefaultTestContext@7c541c15 testClass = ProviderRepositoryTest, testInstance = com.springboot.relationship.data.repository.ProviderRepositoryTest@7def62d0, testMethod = orphanRemovalTest@ProviderRepositoryTest, testException = [null], mergedContextConfiguration = [WebMergedContextConfiguration@3542162a testClass = ProviderRepositoryTest, locations = '{}', classes = '{class com.springboot.relationship.RelationshipApplication}', contextInitializerClasses = '[]', activeProfiles = '{}', propertySourceLocations = '{}', propertySourceProperties = '{org.springframework.boot.test.context.SpringBootTestContextBootstrapper=true}', contextCustomizers = set[org.springframework.boot.test.context.filter.ExcludeFilterContextCustomizer@1b266842, org.springframework.boot.test.json.DuplicateJsonObjectContextCustomizerFactory$DuplicateJsonObjectContextCustomizer@651aed93, org.springframework.boot.test.mock.mockito.MockitoContextCustomizer@0, org.springframework.boot.test.web.client.TestRestTemplateContextCustomizer@2fba3fc4, org.springframework.boot.test.autoconfigure.actuate.metrics.MetricsExportContextCustomizerFactory$DisableMetricExportContextCustomizer@37fb0bed, org.springframework.boot.test.autoconfigure.properties.PropertyMappingContextCustomizer@0, org.springframework.boot.test.autoconfigure.web.servlet.WebDriverContextCustomizerFactory$Customizer@3ddc6915, org.springframework.boot.test.context.SpringBootTestArgs@1, org.springframework.boot.test.context.SpringBootTestWebEnvironment@31206beb], resourceBasePath = 'src/main/webapp', contextLoader = 'org.springframework.boot.test.context.SpringBootContextLoader', parent = [null]], attributes = map['org.springframework.test.context.web.ServletTestExecutionListener.activateListener' -> true, 'org.springframework.test.context.web.ServletTestExecutionListener.populatedRequestContextHolder' -> true, 'org.springframework.test.context.web.ServletTestExecutionListener.resetRequestContextHolder' -> true, 'org.springframework.test.context.event.ApplicationEventsTestExecutionListener.recordApplicationEvents' -> false]]
[2022-10-05 07:52:55.331] [INFO ] [SpringApplicationShutdownHook] org.springframework.orm.jpa.LocalContainerEntityManagerFactoryBean Closing JPA EntityManagerFactory for persistence unit 'default'
[2022-10-05 07:52:55.335] [INFO ] [SpringApplicationShutdownHook] com.zaxxer.hikari.HikariDataSource HikariPool-1 - Shutdown initiated...
[2022-10-05 07:52:55.350] [INFO ] [SpringApplicationShutdownHook] com.zaxxer.hikari.HikariDataSource HikariPool-1 - Shutdown completed.
[2022-10-05 20:32:43.673] [INFO ] [main] com.springboot.relationship.data.repository.ProviderRepositoryTest Starting ProviderRepositoryTest using Java 11.0.16 on itaehuiui-MacBookPro.local with PID 5436 (started by developerleetaehee in /Users/developerleetaehee/Springboot/relationship)
[2022-10-05 20:32:43.676] [INFO ] [main] com.springboot.relationship.data.repository.ProviderRepositoryTest No active profile set, falling back to default profiles: default
[2022-10-05 20:32:44.502] [INFO ] [main] org.springframework.data.repository.config.RepositoryConfigurationDelegate Bootstrapping Spring Data JPA repositories in DEFAULT mode.
[2022-10-05 20:32:44.605] [INFO ] [main] org.springframework.data.repository.config.RepositoryConfigurationDelegate Finished Spring Data repository scanning in 94 ms. Found 7 JPA repository interfaces.
[2022-10-05 20:32:45.380] [INFO ] [main] org.hibernate.jpa.internal.util.LogHelper HHH000204: Processing PersistenceUnitInfo [name: default]
[2022-10-05 20:32:45.443] [INFO ] [main] org.hibernate.Version HHH000412: Hibernate ORM core version 5.4.32.Final
[2022-10-05 20:32:45.605] [INFO ] [main] org.hibernate.annotations.common.Version HCANN000001: Hibernate Commons Annotations {5.1.2.Final}
[2022-10-05 20:32:45.732] [INFO ] [main] com.zaxxer.hikari.HikariDataSource HikariPool-1 - Starting...
[2022-10-05 20:32:45.737] [WARN ] [main] com.zaxxer.hikari.util.DriverDataSource Registered driver with driverClassName=com.mysql.jdbc.Driver was not found, trying direct instantiation.
[2022-10-05 20:32:46.336] [INFO ] [main] com.zaxxer.hikari.HikariDataSource HikariPool-1 - Start completed.
[2022-10-05 20:32:46.363] [INFO ] [main] org.hibernate.dialect.Dialect HHH000400: Using dialect: org.hibernate.dialect.MySQL57Dialect
[2022-10-05 20:32:47.457] [INFO ] [main] org.hibernate.engine.transaction.jta.platform.internal.JtaPlatformInitiator HHH000490: Using JtaPlatform implementation: [org.hibernate.engine.transaction.jta.platform.internal.NoJtaPlatform]
[2022-10-05 20:32:47.466] [INFO ] [main] org.springframework.orm.jpa.LocalContainerEntityManagerFactoryBean Initialized JPA EntityManagerFactory for persistence unit 'default'
[2022-10-05 20:32:48.981] [WARN ] [main] org.springframework.boot.autoconfigure.orm.jpa.JpaBaseConfiguration$JpaWebConfiguration spring.jpa.open-in-view is enabled by default. Therefore, database queries may be performed during view rendering. Explicitly configure spring.jpa.open-in-view to disable this warning
[2022-10-05 20:32:50.129] [INFO ] [main] com.springboot.relationship.data.repository.ProviderRepositoryTest Started ProviderRepositoryTest in 7.024 seconds (JVM running for 9.163)
[2022-10-05 20:32:50.592] [INFO ] [SpringApplicationShutdownHook] org.springframework.orm.jpa.LocalContainerEntityManagerFactoryBean Closing JPA EntityManagerFactory for persistence unit 'default'
[2022-10-05 20:32:50.595] [INFO ] [SpringApplicationShutdownHook] com.zaxxer.hikari.HikariDataSource HikariPool-1 - Shutdown initiated...
[2022-10-05 20:32:50.612] [INFO ] [SpringApplicationShutdownHook] com.zaxxer.hikari.HikariDataSource HikariPool-1 - Shutdown completed.
[2022-10-05 20:33:20.859] [INFO ] [main] com.springboot.relationship.data.repository.ProviderRepositoryTest Starting ProviderRepositoryTest using Java 11.0.16 on itaehuiui-MacBookPro.local with PID 5485 (started by developerleetaehee in /Users/developerleetaehee/Springboot/relationship)
[2022-10-05 20:33:20.861] [INFO ] [main] com.springboot.relationship.data.repository.ProviderRepositoryTest No active profile set, falling back to default profiles: default
[2022-10-05 20:33:21.716] [INFO ] [main] org.springframework.data.repository.config.RepositoryConfigurationDelegate Bootstrapping Spring Data JPA repositories in DEFAULT mode.
[2022-10-05 20:33:21.828] [INFO ] [main] org.springframework.data.repository.config.RepositoryConfigurationDelegate Finished Spring Data repository scanning in 101 ms. Found 7 JPA repository interfaces.
[2022-10-05 20:33:22.582] [INFO ] [main] org.hibernate.jpa.internal.util.LogHelper HHH000204: Processing PersistenceUnitInfo [name: default]
[2022-10-05 20:33:22.642] [INFO ] [main] org.hibernate.Version HHH000412: Hibernate ORM core version 5.4.32.Final
[2022-10-05 20:33:22.779] [INFO ] [main] org.hibernate.annotations.common.Version HCANN000001: Hibernate Commons Annotations {5.1.2.Final}
[2022-10-05 20:33:22.898] [INFO ] [main] com.zaxxer.hikari.HikariDataSource HikariPool-1 - Starting...
[2022-10-05 20:33:22.903] [WARN ] [main] com.zaxxer.hikari.util.DriverDataSource Registered driver with driverClassName=com.mysql.jdbc.Driver was not found, trying direct instantiation.
[2022-10-05 20:33:23.348] [INFO ] [main] com.zaxxer.hikari.HikariDataSource HikariPool-1 - Start completed.
[2022-10-05 20:33:23.382] [INFO ] [main] org.hibernate.dialect.Dialect HHH000400: Using dialect: org.hibernate.dialect.MySQL57Dialect
[2022-10-05 20:33:24.607] [INFO ] [main] org.hibernate.engine.transaction.jta.platform.internal.JtaPlatformInitiator HHH000490: Using JtaPlatform implementation: [org.hibernate.engine.transaction.jta.platform.internal.NoJtaPlatform]
[2022-10-05 20:33:24.615] [INFO ] [main] org.springframework.orm.jpa.LocalContainerEntityManagerFactoryBean Initialized JPA EntityManagerFactory for persistence unit 'default'
[2022-10-05 20:33:25.698] [WARN ] [main] org.springframework.boot.autoconfigure.orm.jpa.JpaBaseConfiguration$JpaWebConfiguration spring.jpa.open-in-view is enabled by default. Therefore, database queries may be performed during view rendering. Explicitly configure spring.jpa.open-in-view to disable this warning
[2022-10-05 20:33:26.502] [INFO ] [main] com.springboot.relationship.data.repository.ProviderRepositoryTest Started ProviderRepositoryTest in 6.127 seconds (JVM running for 7.896)
[2022-10-05 20:33:26.807] [INFO ] [SpringApplicationShutdownHook] org.springframework.orm.jpa.LocalContainerEntityManagerFactoryBean Closing JPA EntityManagerFactory for persistence unit 'default'
[2022-10-05 20:33:26.810] [INFO ] [SpringApplicationShutdownHook] com.zaxxer.hikari.HikariDataSource HikariPool-1 - Shutdown initiated...
[2022-10-05 20:33:26.824] [INFO ] [SpringApplicationShutdownHook] com.zaxxer.hikari.HikariDataSource HikariPool-1 - Shutdown completed.
[2022-10-05 20:33:38.313] [INFO ] [main] com.springboot.relationship.data.repository.ProviderRepositoryTest Starting ProviderRepositoryTest using Java 11.0.16 on itaehuiui-MacBookPro.local with PID 5513 (started by developerleetaehee in /Users/developerleetaehee/Springboot/relationship)
[2022-10-05 20:33:38.316] [INFO ] [main] com.springboot.relationship.data.repository.ProviderRepositoryTest No active profile set, falling back to default profiles: default
[2022-10-05 20:33:39.186] [INFO ] [main] org.springframework.data.repository.config.RepositoryConfigurationDelegate Bootstrapping Spring Data JPA repositories in DEFAULT mode.
[2022-10-05 20:33:39.284] [INFO ] [main] org.springframework.data.repository.config.RepositoryConfigurationDelegate Finished Spring Data repository scanning in 88 ms. Found 7 JPA repository interfaces.
[2022-10-05 20:33:40.035] [INFO ] [main] org.hibernate.jpa.internal.util.LogHelper HHH000204: Processing PersistenceUnitInfo [name: default]
[2022-10-05 20:33:40.092] [INFO ] [main] org.hibernate.Version HHH000412: Hibernate ORM core version 5.4.32.Final
[2022-10-05 20:33:40.233] [INFO ] [main] org.hibernate.annotations.common.Version HCANN000001: Hibernate Commons Annotations {5.1.2.Final}
[2022-10-05 20:33:40.355] [INFO ] [main] com.zaxxer.hikari.HikariDataSource HikariPool-1 - Starting...
[2022-10-05 20:33:40.360] [WARN ] [main] com.zaxxer.hikari.util.DriverDataSource Registered driver with driverClassName=com.mysql.jdbc.Driver was not found, trying direct instantiation.
[2022-10-05 20:33:40.791] [INFO ] [main] com.zaxxer.hikari.HikariDataSource HikariPool-1 - Start completed.
[2022-10-05 20:33:40.824] [INFO ] [main] org.hibernate.dialect.Dialect HHH000400: Using dialect: org.hibernate.dialect.MySQL57Dialect
[2022-10-05 20:33:42.001] [INFO ] [main] org.hibernate.engine.transaction.jta.platform.internal.JtaPlatformInitiator HHH000490: Using JtaPlatform implementation: [org.hibernate.engine.transaction.jta.platform.internal.NoJtaPlatform]
[2022-10-05 20:33:42.010] [INFO ] [main] org.springframework.orm.jpa.LocalContainerEntityManagerFactoryBean Initialized JPA EntityManagerFactory for persistence unit 'default'
[2022-10-05 20:33:43.132] [WARN ] [main] org.springframework.boot.autoconfigure.orm.jpa.JpaBaseConfiguration$JpaWebConfiguration spring.jpa.open-in-view is enabled by default. Therefore, database queries may be performed during view rendering. Explicitly configure spring.jpa.open-in-view to disable this warning
[2022-10-05 20:33:43.982] [INFO ] [main] com.springboot.relationship.data.repository.ProviderRepositoryTest Started ProviderRepositoryTest in 6.122 seconds (JVM running for 7.677)
[2022-10-05 20:33:44.259] [INFO ] [SpringApplicationShutdownHook] org.springframework.orm.jpa.LocalContainerEntityManagerFactoryBean Closing JPA EntityManagerFactory for persistence unit 'default'
[2022-10-05 20:33:44.261] [INFO ] [SpringApplicationShutdownHook] com.zaxxer.hikari.HikariDataSource HikariPool-1 - Shutdown initiated...
[2022-10-05 20:33:44.274] [INFO ] [SpringApplicationShutdownHook] com.zaxxer.hikari.HikariDataSource HikariPool-1 - Shutdown completed.
[2022-10-05 20:33:59.570] [INFO ] [main] com.springboot.relationship.data.repository.ProviderRepositoryTest Starting ProviderRepositoryTest using Java 11.0.16 on itaehuiui-MacBookPro.local with PID 5541 (started by developerleetaehee in /Users/developerleetaehee/Springboot/relationship)
[2022-10-05 20:33:59.572] [INFO ] [main] com.springboot.relationship.data.repository.ProviderRepositoryTest No active profile set, falling back to default profiles: default
[2022-10-05 20:34:00.647] [INFO ] [main] org.springframework.data.repository.config.RepositoryConfigurationDelegate Bootstrapping Spring Data JPA repositories in DEFAULT mode.
[2022-10-05 20:34:00.951] [INFO ] [main] org.springframework.data.repository.config.RepositoryConfigurationDelegate Finished Spring Data repository scanning in 292 ms. Found 7 JPA repository interfaces.
[2022-10-05 20:34:01.945] [INFO ] [main] org.hibernate.jpa.internal.util.LogHelper HHH000204: Processing PersistenceUnitInfo [name: default]
[2022-10-05 20:34:02.024] [INFO ] [main] org.hibernate.Version HHH000412: Hibernate ORM core version 5.4.32.Final
[2022-10-05 20:34:02.237] [INFO ] [main] org.hibernate.annotations.common.Version HCANN000001: Hibernate Commons Annotations {5.1.2.Final}
[2022-10-05 20:34:02.384] [INFO ] [main] com.zaxxer.hikari.HikariDataSource HikariPool-1 - Starting...
[2022-10-05 20:34:02.391] [WARN ] [main] com.zaxxer.hikari.util.DriverDataSource Registered driver with driverClassName=com.mysql.jdbc.Driver was not found, trying direct instantiation.
[2022-10-05 20:34:02.972] [INFO ] [main] com.zaxxer.hikari.HikariDataSource HikariPool-1 - Start completed.
[2022-10-05 20:34:03.012] [INFO ] [main] org.hibernate.dialect.Dialect HHH000400: Using dialect: org.hibernate.dialect.MySQL57Dialect
[2022-10-05 20:34:04.353] [INFO ] [main] org.hibernate.engine.transaction.jta.platform.internal.JtaPlatformInitiator HHH000490: Using JtaPlatform implementation: [org.hibernate.engine.transaction.jta.platform.internal.NoJtaPlatform]
[2022-10-05 20:34:04.362] [INFO ] [main] org.springframework.orm.jpa.LocalContainerEntityManagerFactoryBean Initialized JPA EntityManagerFactory for persistence unit 'default'
[2022-10-05 20:34:05.411] [WARN ] [main] org.springframework.boot.autoconfigure.orm.jpa.JpaBaseConfiguration$JpaWebConfiguration spring.jpa.open-in-view is enabled by default. Therefore, database queries may be performed during view rendering. Explicitly configure spring.jpa.open-in-view to disable this warning
[2022-10-05 20:34:06.208] [INFO ] [main] com.springboot.relationship.data.repository.ProviderRepositoryTest Started ProviderRepositoryTest in 7.104 seconds (JVM running for 9.002)
[2022-10-05 20:34:06.239] [INFO ] [main] org.springframework.test.context.transaction.TransactionContext Began transaction (1) for test context [DefaultTestContext@a202ccb testClass = ProviderRepositoryTest, testInstance = com.springboot.relationship.data.repository.ProviderRepositoryTest@1ff52a71, testMethod = orphanRemovalTest@ProviderRepositoryTest, testException = [null], mergedContextConfiguration = [WebMergedContextConfiguration@20f12539 testClass = ProviderRepositoryTest, locations = '{}', classes = '{class com.springboot.relationship.RelationshipApplication}', contextInitializerClasses = '[]', activeProfiles = '{}', propertySourceLocations = '{}', propertySourceProperties = '{org.springframework.boot.test.context.SpringBootTestContextBootstrapper=true}', contextCustomizers = set[org.springframework.boot.test.context.filter.ExcludeFilterContextCustomizer@4d518b32, org.springframework.boot.test.json.DuplicateJsonObjectContextCustomizerFactory$DuplicateJsonObjectContextCustomizer@329dbdbf, org.springframework.boot.test.mock.mockito.MockitoContextCustomizer@0, org.springframework.boot.test.web.client.TestRestTemplateContextCustomizer@28b46423, org.springframework.boot.test.autoconfigure.actuate.metrics.MetricsExportContextCustomizerFactory$DisableMetricExportContextCustomizer@53b7f657, org.springframework.boot.test.autoconfigure.properties.PropertyMappingContextCustomizer@0, org.springframework.boot.test.autoconfigure.web.servlet.WebDriverContextCustomizerFactory$Customizer@4b34fff9, org.springframework.boot.test.context.SpringBootTestArgs@1, org.springframework.boot.test.context.SpringBootTestWebEnvironment@31206beb], resourceBasePath = 'src/main/webapp', contextLoader = 'org.springframework.boot.test.context.SpringBootContextLoader', parent = [null]], attributes = map['org.springframework.test.context.web.ServletTestExecutionListener.activateListener' -> true, 'org.springframework.test.context.web.ServletTestExecutionListener.populatedRequestContextHolder' -> true, 'org.springframework.test.context.web.ServletTestExecutionListener.resetRequestContextHolder' -> true, 'org.springframework.test.context.event.ApplicationEventsTestExecutionListener.recordApplicationEvents' -> false]]; transaction manager [org.springframework.orm.jpa.JpaTransactionManager@299cddbf]; rollback [true]
[2022-10-05 20:34:06.550] [INFO ] [main] org.springframework.test.context.transaction.TransactionContext Rolled back transaction for test: [DefaultTestContext@a202ccb testClass = ProviderRepositoryTest, testInstance = com.springboot.relationship.data.repository.ProviderRepositoryTest@1ff52a71, testMethod = orphanRemovalTest@ProviderRepositoryTest, testException = [null], mergedContextConfiguration = [WebMergedContextConfiguration@20f12539 testClass = ProviderRepositoryTest, locations = '{}', classes = '{class com.springboot.relationship.RelationshipApplication}', contextInitializerClasses = '[]', activeProfiles = '{}', propertySourceLocations = '{}', propertySourceProperties = '{org.springframework.boot.test.context.SpringBootTestContextBootstrapper=true}', contextCustomizers = set[org.springframework.boot.test.context.filter.ExcludeFilterContextCustomizer@4d518b32, org.springframework.boot.test.json.DuplicateJsonObjectContextCustomizerFactory$DuplicateJsonObjectContextCustomizer@329dbdbf, org.springframework.boot.test.mock.mockito.MockitoContextCustomizer@0, org.springframework.boot.test.web.client.TestRestTemplateContextCustomizer@28b46423, org.springframework.boot.test.autoconfigure.actuate.metrics.MetricsExportContextCustomizerFactory$DisableMetricExportContextCustomizer@53b7f657, org.springframework.boot.test.autoconfigure.properties.PropertyMappingContextCustomizer@0, org.springframework.boot.test.autoconfigure.web.servlet.WebDriverContextCustomizerFactory$Customizer@4b34fff9, org.springframework.boot.test.context.SpringBootTestArgs@1, org.springframework.boot.test.context.SpringBootTestWebEnvironment@31206beb], resourceBasePath = 'src/main/webapp', contextLoader = 'org.springframework.boot.test.context.SpringBootContextLoader', parent = [null]], attributes = map['org.springframework.test.context.web.ServletTestExecutionListener.activateListener' -> true, 'org.springframework.test.context.web.ServletTestExecutionListener.populatedRequestContextHolder' -> true, 'org.springframework.test.context.web.ServletTestExecutionListener.resetRequestContextHolder' -> true, 'org.springframework.test.context.event.ApplicationEventsTestExecutionListener.recordApplicationEvents' -> false]]
[2022-10-05 20:34:06.563] [INFO ] [SpringApplicationShutdownHook] org.springframework.orm.jpa.LocalContainerEntityManagerFactoryBean Closing JPA EntityManagerFactory for persistence unit 'default'
[2022-10-05 20:34:06.567] [INFO ] [SpringApplicationShutdownHook] com.zaxxer.hikari.HikariDataSource HikariPool-1 - Shutdown initiated...
[2022-10-05 20:34:06.583] [INFO ] [SpringApplicationShutdownHook] com.zaxxer.hikari.HikariDataSource HikariPool-1 - Shutdown completed.
[2022-10-05 20:34:21.554] [INFO ] [main] com.springboot.relationship.data.repository.ProviderRepositoryTest Starting ProviderRepositoryTest using Java 11.0.16 on itaehuiui-MacBookPro.local with PID 5598 (started by developerleetaehee in /Users/developerleetaehee/Springboot/relationship)
[2022-10-05 20:34:21.557] [INFO ] [main] com.springboot.relationship.data.repository.ProviderRepositoryTest No active profile set, falling back to default profiles: default
[2022-10-05 20:34:22.378] [INFO ] [main] org.springframework.data.repository.config.RepositoryConfigurationDelegate Bootstrapping Spring Data JPA repositories in DEFAULT mode.
[2022-10-05 20:34:22.483] [INFO ] [main] org.springframework.data.repository.config.RepositoryConfigurationDelegate Finished Spring Data repository scanning in 93 ms. Found 7 JPA repository interfaces.
[2022-10-05 20:34:23.271] [INFO ] [main] org.hibernate.jpa.internal.util.LogHelper HHH000204: Processing PersistenceUnitInfo [name: default]
[2022-10-05 20:34:23.337] [INFO ] [main] org.hibernate.Version HHH000412: Hibernate ORM core version 5.4.32.Final
[2022-10-05 20:34:23.495] [INFO ] [main] org.hibernate.annotations.common.Version HCANN000001: Hibernate Commons Annotations {5.1.2.Final}
[2022-10-05 20:34:23.618] [INFO ] [main] com.zaxxer.hikari.HikariDataSource HikariPool-1 - Starting...
[2022-10-05 20:34:23.623] [WARN ] [main] com.zaxxer.hikari.util.DriverDataSource Registered driver with driverClassName=com.mysql.jdbc.Driver was not found, trying direct instantiation.
[2022-10-05 20:34:24.096] [INFO ] [main] com.zaxxer.hikari.HikariDataSource HikariPool-1 - Start completed.
[2022-10-05 20:34:24.130] [INFO ] [main] org.hibernate.dialect.Dialect HHH000400: Using dialect: org.hibernate.dialect.MySQL57Dialect
[2022-10-05 20:34:25.262] [INFO ] [main] org.hibernate.engine.transaction.jta.platform.internal.JtaPlatformInitiator HHH000490: Using JtaPlatform implementation: [org.hibernate.engine.transaction.jta.platform.internal.NoJtaPlatform]
[2022-10-05 20:34:25.270] [INFO ] [main] org.springframework.orm.jpa.LocalContainerEntityManagerFactoryBean Initialized JPA EntityManagerFactory for persistence unit 'default'
[2022-10-05 20:34:26.297] [WARN ] [main] org.springframework.boot.autoconfigure.orm.jpa.JpaBaseConfiguration$JpaWebConfiguration spring.jpa.open-in-view is enabled by default. Therefore, database queries may be performed during view rendering. Explicitly configure spring.jpa.open-in-view to disable this warning
[2022-10-05 20:34:27.024] [INFO ] [main] com.springboot.relationship.data.repository.ProviderRepositoryTest Started ProviderRepositoryTest in 5.957 seconds (JVM running for 7.525)
[2022-10-05 20:34:27.279] [INFO ] [SpringApplicationShutdownHook] org.springframework.orm.jpa.LocalContainerEntityManagerFactoryBean Closing JPA EntityManagerFactory for persistence unit 'default'
[2022-10-05 20:34:27.282] [INFO ] [SpringApplicationShutdownHook] com.zaxxer.hikari.HikariDataSource HikariPool-1 - Shutdown initiated...
[2022-10-05 20:34:27.295] [INFO ] [SpringApplicationShutdownHook] com.zaxxer.hikari.HikariDataSource HikariPool-1 - Shutdown completed.
