[2022-07-24 22:11:36.720] [INFO ] [main] com.springboot.api.ApiApplication Starting ApiApplication using Java 11.0.16 on itaehuiui-MacBookPro.local with PID 10918 (/Users/developerleetaehee/springboot/api/target/classes started by developerleetaehee in /Users/developerleetaehee/springboot/api)
[2022-07-24 22:11:36.723] [INFO ] [main] com.springboot.api.ApiApplication No active profile set, falling back to default profiles: default
[2022-07-24 22:11:37.624] [INFO ] [main] org.springframework.boot.web.embedded.tomcat.TomcatWebServer Tomcat initialized with port(s): 8080 (http)
[2022-07-24 22:11:37.631] [INFO ] [main] org.apache.coyote.http11.Http11NioProtocol Initializing ProtocolHandler ["http-nio-8080"]
[2022-07-24 22:11:37.632] [INFO ] [main] org.apache.catalina.core.StandardService Starting service [Tomcat]
[2022-07-24 22:11:37.632] [INFO ] [main] org.apache.catalina.core.StandardEngine Starting Servlet engine: [Apache Tomcat/9.0.54]
[2022-07-24 22:11:37.683] [INFO ] [main] org.apache.catalina.core.ContainerBase.[Tomcat].[localhost].[/] Initializing Spring embedded WebApplicationContext
[2022-07-24 22:11:37.683] [INFO ] [main] org.springframework.boot.web.servlet.context.ServletWebServerApplicationContext Root WebApplicationContext: initialization completed in 920 ms
[2022-07-24 22:11:37.971] [INFO ] [main] springfox.documentation.spring.web.PropertySourcedRequestMappingHandlerMapping Mapped URL path [/v2/api-docs] onto method [springfox.documentation.swagger2.web.Swagger2Controller#getDocumentation(String, HttpServletRequest)]
[2022-07-24 22:11:38.123] [INFO ] [main] org.apache.coyote.http11.Http11NioProtocol Starting ProtocolHandler ["http-nio-8080"]
[2022-07-24 22:11:38.137] [INFO ] [main] org.springframework.boot.web.embedded.tomcat.TomcatWebServer Tomcat started on port(s): 8080 (http) with context path ''
[2022-07-24 22:11:38.138] [INFO ] [main] springfox.documentation.spring.web.plugins.DocumentationPluginsBootstrapper Context refreshed
[2022-07-24 22:11:38.150] [INFO ] [main] springfox.documentation.spring.web.plugins.DocumentationPluginsBootstrapper Found 1 custom documentation plugin(s)
[2022-07-24 22:11:38.171] [INFO ] [main] springfox.documentation.spring.web.scanners.ApiListingReferenceScanner Scanning for api listing references
[2022-07-24 22:11:38.312] [INFO ] [main] com.springboot.api.ApiApplication Started ApiApplication in 1.987 seconds (JVM running for 2.692)
[2022-07-24 22:17:21.319] [INFO ] [main] com.springboot.api.ApiApplication Starting ApiApplication using Java 11.0.16 on itaehuiui-MacBookPro.local with PID 11367 (/Users/developerleetaehee/springboot/api/target/classes started by developerleetaehee in /Users/developerleetaehee/springboot/api)
[2022-07-24 22:17:21.321] [INFO ] [main] com.springboot.api.ApiApplication No active profile set, falling back to default profiles: default
[2022-07-24 22:17:22.210] [INFO ] [main] org.springframework.boot.web.embedded.tomcat.TomcatWebServer Tomcat initialized with port(s): 8080 (http)
[2022-07-24 22:17:22.218] [INFO ] [main] org.apache.coyote.http11.Http11NioProtocol Initializing ProtocolHandler ["http-nio-8080"]
[2022-07-24 22:17:22.218] [INFO ] [main] org.apache.catalina.core.StandardService Starting service [Tomcat]
[2022-07-24 22:17:22.219] [INFO ] [main] org.apache.catalina.core.StandardEngine Starting Servlet engine: [Apache Tomcat/9.0.54]
[2022-07-24 22:17:22.270] [INFO ] [main] org.apache.catalina.core.ContainerBase.[Tomcat].[localhost].[/] Initializing Spring embedded WebApplicationContext
[2022-07-24 22:17:22.271] [INFO ] [main] org.springframework.boot.web.servlet.context.ServletWebServerApplicationContext Root WebApplicationContext: initialization completed in 896 ms
[2022-07-24 22:17:22.562] [INFO ] [main] springfox.documentation.spring.web.PropertySourcedRequestMappingHandlerMapping Mapped URL path [/v2/api-docs] onto method [springfox.documentation.swagger2.web.Swagger2Controller#getDocumentation(String, HttpServletRequest)]
[2022-07-24 22:17:22.732] [INFO ] [main] org.apache.coyote.http11.Http11NioProtocol Starting ProtocolHandler ["http-nio-8080"]
[2022-07-24 22:17:22.747] [INFO ] [main] org.springframework.boot.web.embedded.tomcat.TomcatWebServer Tomcat started on port(s): 8080 (http) with context path ''
[2022-07-24 22:17:22.748] [INFO ] [main] springfox.documentation.spring.web.plugins.DocumentationPluginsBootstrapper Context refreshed
[2022-07-24 22:17:22.761] [INFO ] [main] springfox.documentation.spring.web.plugins.DocumentationPluginsBootstrapper Found 1 custom documentation plugin(s)
[2022-07-24 22:17:22.785] [INFO ] [main] springfox.documentation.spring.web.scanners.ApiListingReferenceScanner Scanning for api listing references
[2022-07-24 22:17:22.935] [INFO ] [main] com.springboot.api.ApiApplication Started ApiApplication in 2.063 seconds (JVM running for 2.884)
[2022-07-24 22:17:53.960] [INFO ] [http-nio-8080-exec-1] org.apache.catalina.core.ContainerBase.[Tomcat].[localhost].[/] Initializing Spring DispatcherServlet 'dispatcherServlet'
[2022-07-24 22:17:53.961] [INFO ] [http-nio-8080-exec-1] org.springframework.web.servlet.DispatcherServlet Initializing Servlet 'dispatcherServlet'
[2022-07-24 22:17:53.962] [INFO ] [http-nio-8080-exec-1] org.springframework.web.servlet.DispatcherServlet Completed initialization in 1 ms
[2022-07-24 22:17:53.979] [INFO ] [http-nio-8080-exec-1] com.springboot.api.controller.GetController getHello 메서드가 호출되었습니다.
[2022-07-24 22:17:55.260] [INFO ] [http-nio-8080-exec-2] com.springboot.api.controller.GetController getHello 메서드가 호출되었습니다.
[2022-07-24 22:18:52.569] [INFO ] [http-nio-8080-exec-1] com.springboot.api.controller.GetController getName 메서드가 호출 되었습니다.
[2022-07-24 22:19:03.146] [INFO ] [http-nio-8080-exec-4] com.springboot.api.controller.GetController getName 메서드가 호출 되었습니다.
[2022-07-24 22:19:06.510] [INFO ] [http-nio-8080-exec-5] com.springboot.api.controller.GetController getName 메서드가 호출 되었습니다.
